2023-04-20 01:28:23 [::1][-][-][error][yii\web\HttpException:404] yii\base\InvalidRouteException: Unable to resolve the request "". in C:\Users\Asus-Home\Documents\projects\personal\job-applications\barita\interests\vendor\yiisoft\yii2\base\Module.php:561
Stack trace:
#0 C:\Users\Asus-Home\Documents\projects\personal\job-applications\barita\interests\vendor\yiisoft\yii2\web\Application.php(103): yii\base\Module->runAction()
#1 C:\Users\Asus-Home\Documents\projects\personal\job-applications\barita\interests\vendor\yiisoft\yii2\base\Application.php(384): yii\web\Application->handleRequest()
#2 C:\Users\Asus-Home\Documents\projects\personal\job-applications\barita\interests\web\index.php(12): yii\base\Application->run()
#3 {main}

Next yii\web\NotFoundHttpException: Page not found. in C:\Users\Asus-Home\Documents\projects\personal\job-applications\barita\interests\vendor\yiisoft\yii2\web\Application.php:115
Stack trace:
#0 C:\Users\Asus-Home\Documents\projects\personal\job-applications\barita\interests\vendor\yiisoft\yii2\base\Application.php(384): yii\web\Application->handleRequest()
#1 C:\Users\Asus-Home\Documents\projects\personal\job-applications\barita\interests\web\index.php(12): yii\base\Application->run()
#2 {main}
2023-04-20 01:28:23 [::1][-][-][info][application] $_GET = []

$_POST = []

$_FILES = []

$_COOKIE = [
    'PHPSESSID' => 'qhkjndk10vhbim7btu98lri6lq'
    '_csrf' => 'huhZlO7IeV-BFu3nk8Ecfl56hWSwuZ9Z'
]

$_SESSION = [
    '__flash' => []
]

$_SERVER = [
    'DOCUMENT_ROOT' => 'C:\\Users\\Asus-Home\\Documents\\projects\\personal\\job-applications\\barita\\interests\\web'
    'REMOTE_ADDR' => '::1'
    'REMOTE_PORT' => '51180'
    'SERVER_SOFTWARE' => 'PHP 8.2.5 Development Server'
    'SERVER_PROTOCOL' => 'HTTP/1.1'
    'SERVER_NAME' => 'localhost'
    'SERVER_PORT' => '8080'
    'REQUEST_URI' => '/'
    'REQUEST_METHOD' => 'GET'
    'SCRIPT_NAME' => '/index.php'
    'SCRIPT_FILENAME' => 'C:\\Users\\Asus-Home\\Documents\\projects\\personal\\job-applications\\barita\\interests\\web\\index.php'
    'PHP_SELF' => '/index.php'
    'HTTP_HOST' => 'localhost:8080'
    'HTTP_CONNECTION' => 'keep-alive'
    'HTTP_SEC_CH_UA' => '\"Chromium\";v=\"112\", \"Google Chrome\";v=\"112\", \"Not:A-Brand\";v=\"99\"'
    'HTTP_SEC_CH_UA_MOBILE' => '?0'
    'HTTP_SEC_CH_UA_PLATFORM' => '\"Windows\"'
    'HTTP_DNT' => '1'
    'HTTP_UPGRADE_INSECURE_REQUESTS' => '1'
    'HTTP_USER_AGENT' => 'Mozilla/5.0 (Windows NT 10.0; Win64; x64) AppleWebKit/537.36 (KHTML, like Gecko) Chrome/112.0.0.0 Safari/537.36'
    'HTTP_ACCEPT' => 'text/html,application/xhtml+xml,application/xml;q=0.9,image/avif,image/webp,image/apng,*/*;q=0.8,application/signed-exchange;v=b3;q=0.7'
    'HTTP_SEC_FETCH_SITE' => 'none'
    'HTTP_SEC_FETCH_MODE' => 'navigate'
    'HTTP_SEC_FETCH_USER' => '?1'
    'HTTP_SEC_FETCH_DEST' => 'document'
    'HTTP_ACCEPT_ENCODING' => 'gzip, deflate, br'
    'HTTP_ACCEPT_LANGUAGE' => 'es-ES,es;q=0.9,en;q=0.8'
    'HTTP_COOKIE' => 'PHPSESSID=qhkjndk10vhbim7btu98lri6lq; _csrf=huhZlO7IeV-BFu3nk8Ecfl56hWSwuZ9Z'
    'REQUEST_TIME_FLOAT' => 1681954103.0566
    'REQUEST_TIME' => 1681954103
]
2023-04-20 01:44:37 [::1][-][qhkjndk10vhbim7btu98lri6lq][error][yii\base\ErrorException:2] yii\base\ErrorException: Undefined variable $interests in C:\Users\Asus-Home\Documents\projects\personal\job-applications\barita\interests\views\site\index.php:28
Stack trace:
#0 C:\Users\Asus-Home\Documents\projects\personal\job-applications\barita\interests\views\site\index.php(28): yii\base\ErrorHandler->handleError()
#1 C:\Users\Asus-Home\Documents\projects\personal\job-applications\barita\interests\vendor\yiisoft\yii2\base\View.php(347): require('...')
#2 C:\Users\Asus-Home\Documents\projects\personal\job-applications\barita\interests\vendor\yiisoft\yii2\base\View.php(257): yii\base\View->renderPhpFile()
#3 C:\Users\Asus-Home\Documents\projects\personal\job-applications\barita\interests\vendor\yiisoft\yii2\base\View.php(156): yii\base\View->renderFile()
#4 C:\Users\Asus-Home\Documents\projects\personal\job-applications\barita\interests\vendor\yiisoft\yii2\base\Controller.php(407): yii\base\View->render()
#5 C:\Users\Asus-Home\Documents\projects\personal\job-applications\barita\interests\controllers\SiteController.php(62): yii\base\Controller->render()
#6 [internal function]: app\controllers\SiteController->actionIndex()
#7 C:\Users\Asus-Home\Documents\projects\personal\job-applications\barita\interests\vendor\yiisoft\yii2\base\InlineAction.php(57): call_user_func_array()
#8 C:\Users\Asus-Home\Documents\projects\personal\job-applications\barita\interests\vendor\yiisoft\yii2\base\Controller.php(178): yii\base\InlineAction->runWithParams()
#9 C:\Users\Asus-Home\Documents\projects\personal\job-applications\barita\interests\vendor\yiisoft\yii2\base\Module.php(552): yii\base\Controller->runAction()
#10 C:\Users\Asus-Home\Documents\projects\personal\job-applications\barita\interests\vendor\yiisoft\yii2\web\Application.php(103): yii\base\Module->runAction()
#11 C:\Users\Asus-Home\Documents\projects\personal\job-applications\barita\interests\vendor\yiisoft\yii2\base\Application.php(384): yii\web\Application->handleRequest()
#12 C:\Users\Asus-Home\Documents\projects\personal\job-applications\barita\interests\web\index.php(12): yii\base\Application->run()
#13 {main}
2023-04-20 01:44:37 [::1][-][qhkjndk10vhbim7btu98lri6lq][info][application] $_GET = []

$_POST = []

$_FILES = []

$_COOKIE = [
    'PHPSESSID' => 'qhkjndk10vhbim7btu98lri6lq'
    '_csrf' => 'huhZlO7IeV-BFu3nk8Ecfl56hWSwuZ9Z'
]

$_SESSION = [
    '__flash' => []
]

$_SERVER = [
    'DOCUMENT_ROOT' => 'C:\\Users\\Asus-Home\\Documents\\projects\\personal\\job-applications\\barita\\interests\\web'
    'REMOTE_ADDR' => '::1'
    'REMOTE_PORT' => '51733'
    'SERVER_SOFTWARE' => 'PHP 8.2.5 Development Server'
    'SERVER_PROTOCOL' => 'HTTP/1.1'
    'SERVER_NAME' => 'localhost'
    'SERVER_PORT' => '8080'
    'REQUEST_URI' => '/'
    'REQUEST_METHOD' => 'GET'
    'SCRIPT_NAME' => '/index.php'
    'SCRIPT_FILENAME' => 'C:\\Users\\Asus-Home\\Documents\\projects\\personal\\job-applications\\barita\\interests\\web\\index.php'
    'PHP_SELF' => '/index.php'
    'HTTP_HOST' => 'localhost:8080'
    'HTTP_CONNECTION' => 'keep-alive'
    'HTTP_CACHE_CONTROL' => 'max-age=0'
    'HTTP_SEC_CH_UA' => '\"Chromium\";v=\"112\", \"Google Chrome\";v=\"112\", \"Not:A-Brand\";v=\"99\"'
    'HTTP_SEC_CH_UA_MOBILE' => '?0'
    'HTTP_SEC_CH_UA_PLATFORM' => '\"Windows\"'
    'HTTP_DNT' => '1'
    'HTTP_UPGRADE_INSECURE_REQUESTS' => '1'
    'HTTP_USER_AGENT' => 'Mozilla/5.0 (Windows NT 10.0; Win64; x64) AppleWebKit/537.36 (KHTML, like Gecko) Chrome/112.0.0.0 Safari/537.36'
    'HTTP_ACCEPT' => 'text/html,application/xhtml+xml,application/xml;q=0.9,image/avif,image/webp,image/apng,*/*;q=0.8,application/signed-exchange;v=b3;q=0.7'
    'HTTP_SEC_FETCH_SITE' => 'none'
    'HTTP_SEC_FETCH_MODE' => 'navigate'
    'HTTP_SEC_FETCH_USER' => '?1'
    'HTTP_SEC_FETCH_DEST' => 'document'
    'HTTP_ACCEPT_ENCODING' => 'gzip, deflate, br'
    'HTTP_ACCEPT_LANGUAGE' => 'es-ES,es;q=0.9,en;q=0.8'
    'HTTP_COOKIE' => 'PHPSESSID=qhkjndk10vhbim7btu98lri6lq; _csrf=huhZlO7IeV-BFu3nk8Ecfl56hWSwuZ9Z'
    'REQUEST_TIME_FLOAT' => 1681955077.718
    'REQUEST_TIME' => 1681955077
]
2023-04-20 01:48:23 [::1][-][qhkjndk10vhbim7btu98lri6lq][error][yii\web\HttpException:404] yii\base\InvalidRouteException: Unable to resolve the request "interests/index". in C:\Users\Asus-Home\Documents\projects\personal\job-applications\barita\interests\vendor\yiisoft\yii2\base\Module.php:561
Stack trace:
#0 C:\Users\Asus-Home\Documents\projects\personal\job-applications\barita\interests\vendor\yiisoft\yii2\web\Application.php(103): yii\base\Module->runAction()
#1 C:\Users\Asus-Home\Documents\projects\personal\job-applications\barita\interests\vendor\yiisoft\yii2\base\Application.php(384): yii\web\Application->handleRequest()
#2 C:\Users\Asus-Home\Documents\projects\personal\job-applications\barita\interests\web\index.php(12): yii\base\Application->run()
#3 {main}

Next yii\web\NotFoundHttpException: Page not found. in C:\Users\Asus-Home\Documents\projects\personal\job-applications\barita\interests\vendor\yiisoft\yii2\web\Application.php:115
Stack trace:
#0 C:\Users\Asus-Home\Documents\projects\personal\job-applications\barita\interests\vendor\yiisoft\yii2\base\Application.php(384): yii\web\Application->handleRequest()
#1 C:\Users\Asus-Home\Documents\projects\personal\job-applications\barita\interests\web\index.php(12): yii\base\Application->run()
#2 {main}
2023-04-20 01:48:23 [::1][-][qhkjndk10vhbim7btu98lri6lq][info][application] $_GET = [
    'r' => 'interests/index'
]

$_POST = []

$_FILES = []

$_COOKIE = [
    'PHPSESSID' => 'qhkjndk10vhbim7btu98lri6lq'
    '_csrf' => 'huhZlO7IeV-BFu3nk8Ecfl56hWSwuZ9Z'
]

$_SESSION = [
    '__flash' => []
]

$_SERVER = [
    'DOCUMENT_ROOT' => 'C:\\Users\\Asus-Home\\Documents\\projects\\personal\\job-applications\\barita\\interests\\web'
    'REMOTE_ADDR' => '::1'
    'REMOTE_PORT' => '52015'
    'SERVER_SOFTWARE' => 'PHP 8.2.5 Development Server'
    'SERVER_PROTOCOL' => 'HTTP/1.1'
    'SERVER_NAME' => 'localhost'
    'SERVER_PORT' => '8080'
    'REQUEST_URI' => '/index.php?r=interests%2Findex'
    'REQUEST_METHOD' => 'GET'
    'SCRIPT_NAME' => '/index.php'
    'SCRIPT_FILENAME' => 'C:\\Users\\Asus-Home\\Documents\\projects\\personal\\job-applications\\barita\\interests\\web\\index.php'
    'PHP_SELF' => '/index.php'
    'QUERY_STRING' => 'r=interests%2Findex'
    'HTTP_HOST' => 'localhost:8080'
    'HTTP_CONNECTION' => 'keep-alive'
    'HTTP_CACHE_CONTROL' => 'max-age=0'
    'HTTP_SEC_CH_UA' => '\"Chromium\";v=\"112\", \"Google Chrome\";v=\"112\", \"Not:A-Brand\";v=\"99\"'
    'HTTP_SEC_CH_UA_MOBILE' => '?0'
    'HTTP_SEC_CH_UA_PLATFORM' => '\"Windows\"'
    'HTTP_DNT' => '1'
    'HTTP_UPGRADE_INSECURE_REQUESTS' => '1'
    'HTTP_USER_AGENT' => 'Mozilla/5.0 (Windows NT 10.0; Win64; x64) AppleWebKit/537.36 (KHTML, like Gecko) Chrome/112.0.0.0 Safari/537.36'
    'HTTP_ACCEPT' => 'text/html,application/xhtml+xml,application/xml;q=0.9,image/avif,image/webp,image/apng,*/*;q=0.8,application/signed-exchange;v=b3;q=0.7'
    'HTTP_SEC_FETCH_SITE' => 'same-origin'
    'HTTP_SEC_FETCH_MODE' => 'navigate'
    'HTTP_SEC_FETCH_USER' => '?1'
    'HTTP_SEC_FETCH_DEST' => 'document'
    'HTTP_REFERER' => 'http://localhost:8080/index.php?r=interests%2Findex'
    'HTTP_ACCEPT_ENCODING' => 'gzip, deflate, br'
    'HTTP_ACCEPT_LANGUAGE' => 'es-ES,es;q=0.9,en;q=0.8'
    'HTTP_COOKIE' => 'PHPSESSID=qhkjndk10vhbim7btu98lri6lq; _csrf=huhZlO7IeV-BFu3nk8Ecfl56hWSwuZ9Z'
    'REQUEST_TIME_FLOAT' => 1681955303.6061
    'REQUEST_TIME' => 1681955303
]
2023-04-20 01:48:32 [::1][-][qhkjndk10vhbim7btu98lri6lq][error][yii\web\HttpException:404] yii\base\InvalidRouteException: Unable to resolve the request "interests/index". in C:\Users\Asus-Home\Documents\projects\personal\job-applications\barita\interests\vendor\yiisoft\yii2\base\Module.php:561
Stack trace:
#0 C:\Users\Asus-Home\Documents\projects\personal\job-applications\barita\interests\vendor\yiisoft\yii2\web\Application.php(103): yii\base\Module->runAction()
#1 C:\Users\Asus-Home\Documents\projects\personal\job-applications\barita\interests\vendor\yiisoft\yii2\base\Application.php(384): yii\web\Application->handleRequest()
#2 C:\Users\Asus-Home\Documents\projects\personal\job-applications\barita\interests\web\index.php(12): yii\base\Application->run()
#3 {main}

Next yii\web\NotFoundHttpException: Page not found. in C:\Users\Asus-Home\Documents\projects\personal\job-applications\barita\interests\vendor\yiisoft\yii2\web\Application.php:115
Stack trace:
#0 C:\Users\Asus-Home\Documents\projects\personal\job-applications\barita\interests\vendor\yiisoft\yii2\base\Application.php(384): yii\web\Application->handleRequest()
#1 C:\Users\Asus-Home\Documents\projects\personal\job-applications\barita\interests\web\index.php(12): yii\base\Application->run()
#2 {main}
2023-04-20 01:48:32 [::1][-][qhkjndk10vhbim7btu98lri6lq][info][application] $_GET = [
    'r' => 'interests/index'
]

$_POST = []

$_FILES = []

$_COOKIE = [
    'PHPSESSID' => 'qhkjndk10vhbim7btu98lri6lq'
    '_csrf' => 'huhZlO7IeV-BFu3nk8Ecfl56hWSwuZ9Z'
]

$_SESSION = [
    '__flash' => []
]

$_SERVER = [
    'DOCUMENT_ROOT' => 'C:\\Users\\Asus-Home\\Documents\\projects\\personal\\job-applications\\barita\\interests\\web'
    'REMOTE_ADDR' => '::1'
    'REMOTE_PORT' => '52041'
    'SERVER_SOFTWARE' => 'PHP 8.2.5 Development Server'
    'SERVER_PROTOCOL' => 'HTTP/1.1'
    'SERVER_NAME' => 'localhost'
    'SERVER_PORT' => '8080'
    'REQUEST_URI' => '/index.php?r=interests%2Findex'
    'REQUEST_METHOD' => 'GET'
    'SCRIPT_NAME' => '/index.php'
    'SCRIPT_FILENAME' => 'C:\\Users\\Asus-Home\\Documents\\projects\\personal\\job-applications\\barita\\interests\\web\\index.php'
    'PHP_SELF' => '/index.php'
    'QUERY_STRING' => 'r=interests%2Findex'
    'HTTP_HOST' => 'localhost:8080'
    'HTTP_CONNECTION' => 'keep-alive'
    'HTTP_SEC_CH_UA' => '\"Chromium\";v=\"112\", \"Google Chrome\";v=\"112\", \"Not:A-Brand\";v=\"99\"'
    'HTTP_SEC_CH_UA_MOBILE' => '?0'
    'HTTP_SEC_CH_UA_PLATFORM' => '\"Windows\"'
    'HTTP_UPGRADE_INSECURE_REQUESTS' => '1'
    'HTTP_DNT' => '1'
    'HTTP_USER_AGENT' => 'Mozilla/5.0 (Windows NT 10.0; Win64; x64) AppleWebKit/537.36 (KHTML, like Gecko) Chrome/112.0.0.0 Safari/537.36'
    'HTTP_ACCEPT' => 'text/html,application/xhtml+xml,application/xml;q=0.9,image/avif,image/webp,image/apng,*/*;q=0.8,application/signed-exchange;v=b3;q=0.7'
    'HTTP_SEC_FETCH_SITE' => 'same-origin'
    'HTTP_SEC_FETCH_MODE' => 'navigate'
    'HTTP_SEC_FETCH_USER' => '?1'
    'HTTP_SEC_FETCH_DEST' => 'document'
    'HTTP_REFERER' => 'http://localhost:8080/index.php'
    'HTTP_ACCEPT_ENCODING' => 'gzip, deflate, br'
    'HTTP_ACCEPT_LANGUAGE' => 'es-ES,es;q=0.9,en;q=0.8'
    'HTTP_COOKIE' => 'PHPSESSID=qhkjndk10vhbim7btu98lri6lq; _csrf=huhZlO7IeV-BFu3nk8Ecfl56hWSwuZ9Z'
    'REQUEST_TIME_FLOAT' => 1681955312.402
    'REQUEST_TIME' => 1681955312
]
2023-04-20 01:48:59 [::1][-][qhkjndk10vhbim7btu98lri6lq][error][yii\web\HttpException:404] yii\base\InvalidRouteException: Unable to resolve the request "interests/new". in C:\Users\Asus-Home\Documents\projects\personal\job-applications\barita\interests\vendor\yiisoft\yii2\base\Module.php:561
Stack trace:
#0 C:\Users\Asus-Home\Documents\projects\personal\job-applications\barita\interests\vendor\yiisoft\yii2\web\Application.php(103): yii\base\Module->runAction()
#1 C:\Users\Asus-Home\Documents\projects\personal\job-applications\barita\interests\vendor\yiisoft\yii2\base\Application.php(384): yii\web\Application->handleRequest()
#2 C:\Users\Asus-Home\Documents\projects\personal\job-applications\barita\interests\web\index.php(12): yii\base\Application->run()
#3 {main}

Next yii\web\NotFoundHttpException: Page not found. in C:\Users\Asus-Home\Documents\projects\personal\job-applications\barita\interests\vendor\yiisoft\yii2\web\Application.php:115
Stack trace:
#0 C:\Users\Asus-Home\Documents\projects\personal\job-applications\barita\interests\vendor\yiisoft\yii2\base\Application.php(384): yii\web\Application->handleRequest()
#1 C:\Users\Asus-Home\Documents\projects\personal\job-applications\barita\interests\web\index.php(12): yii\base\Application->run()
#2 {main}
2023-04-20 01:48:59 [::1][-][qhkjndk10vhbim7btu98lri6lq][info][application] $_GET = [
    'r' => 'interests/new'
]

$_POST = []

$_FILES = []

$_COOKIE = [
    'PHPSESSID' => 'qhkjndk10vhbim7btu98lri6lq'
    '_csrf' => 'huhZlO7IeV-BFu3nk8Ecfl56hWSwuZ9Z'
]

$_SESSION = [
    '__flash' => []
]

$_SERVER = [
    'DOCUMENT_ROOT' => 'C:\\Users\\Asus-Home\\Documents\\projects\\personal\\job-applications\\barita\\interests\\web'
    'REMOTE_ADDR' => '::1'
    'REMOTE_PORT' => '52084'
    'SERVER_SOFTWARE' => 'PHP 8.2.5 Development Server'
    'SERVER_PROTOCOL' => 'HTTP/1.1'
    'SERVER_NAME' => 'localhost'
    'SERVER_PORT' => '8080'
    'REQUEST_URI' => '/index.php?r=interests%2Fnew'
    'REQUEST_METHOD' => 'GET'
    'SCRIPT_NAME' => '/index.php'
    'SCRIPT_FILENAME' => 'C:\\Users\\Asus-Home\\Documents\\projects\\personal\\job-applications\\barita\\interests\\web\\index.php'
    'PHP_SELF' => '/index.php'
    'QUERY_STRING' => 'r=interests%2Fnew'
    'HTTP_HOST' => 'localhost:8080'
    'HTTP_CONNECTION' => 'keep-alive'
    'HTTP_SEC_CH_UA' => '\"Chromium\";v=\"112\", \"Google Chrome\";v=\"112\", \"Not:A-Brand\";v=\"99\"'
    'HTTP_SEC_CH_UA_MOBILE' => '?0'
    'HTTP_SEC_CH_UA_PLATFORM' => '\"Windows\"'
    'HTTP_UPGRADE_INSECURE_REQUESTS' => '1'
    'HTTP_DNT' => '1'
    'HTTP_USER_AGENT' => 'Mozilla/5.0 (Windows NT 10.0; Win64; x64) AppleWebKit/537.36 (KHTML, like Gecko) Chrome/112.0.0.0 Safari/537.36'
    'HTTP_ACCEPT' => 'text/html,application/xhtml+xml,application/xml;q=0.9,image/avif,image/webp,image/apng,*/*;q=0.8,application/signed-exchange;v=b3;q=0.7'
    'HTTP_SEC_FETCH_SITE' => 'same-origin'
    'HTTP_SEC_FETCH_MODE' => 'navigate'
    'HTTP_SEC_FETCH_USER' => '?1'
    'HTTP_SEC_FETCH_DEST' => 'document'
    'HTTP_REFERER' => 'http://localhost:8080/index.php'
    'HTTP_ACCEPT_ENCODING' => 'gzip, deflate, br'
    'HTTP_ACCEPT_LANGUAGE' => 'es-ES,es;q=0.9,en;q=0.8'
    'HTTP_COOKIE' => 'PHPSESSID=qhkjndk10vhbim7btu98lri6lq; _csrf=huhZlO7IeV-BFu3nk8Ecfl56hWSwuZ9Z'
    'REQUEST_TIME_FLOAT' => 1681955339.5268
    'REQUEST_TIME' => 1681955339
]
2023-04-20 01:49:58 [::1][-][qhkjndk10vhbim7btu98lri6lq][error][yii\base\ViewNotFoundException] yii\base\ViewNotFoundException: The view file does not exist: C:\Users\Asus-Home\Documents\projects\personal\job-applications\barita\interests\views\site\new.php in C:\Users\Asus-Home\Documents\projects\personal\job-applications\barita\interests\vendor\yiisoft\yii2\base\View.php:233
Stack trace:
#0 C:\Users\Asus-Home\Documents\projects\personal\job-applications\barita\interests\vendor\yiisoft\yii2\base\View.php(156): yii\base\View->renderFile()
#1 C:\Users\Asus-Home\Documents\projects\personal\job-applications\barita\interests\vendor\yiisoft\yii2\base\Controller.php(407): yii\base\View->render()
#2 C:\Users\Asus-Home\Documents\projects\personal\job-applications\barita\interests\controllers\SiteController.php(91): yii\base\Controller->render()
#3 [internal function]: app\controllers\SiteController->actionNew()
#4 C:\Users\Asus-Home\Documents\projects\personal\job-applications\barita\interests\vendor\yiisoft\yii2\base\InlineAction.php(57): call_user_func_array()
#5 C:\Users\Asus-Home\Documents\projects\personal\job-applications\barita\interests\vendor\yiisoft\yii2\base\Controller.php(178): yii\base\InlineAction->runWithParams()
#6 C:\Users\Asus-Home\Documents\projects\personal\job-applications\barita\interests\vendor\yiisoft\yii2\base\Module.php(552): yii\base\Controller->runAction()
#7 C:\Users\Asus-Home\Documents\projects\personal\job-applications\barita\interests\vendor\yiisoft\yii2\web\Application.php(103): yii\base\Module->runAction()
#8 C:\Users\Asus-Home\Documents\projects\personal\job-applications\barita\interests\vendor\yiisoft\yii2\base\Application.php(384): yii\web\Application->handleRequest()
#9 C:\Users\Asus-Home\Documents\projects\personal\job-applications\barita\interests\web\index.php(12): yii\base\Application->run()
#10 {main}
2023-04-20 01:49:58 [::1][-][qhkjndk10vhbim7btu98lri6lq][info][application] $_GET = [
    'r' => 'site/new'
]

$_POST = []

$_FILES = []

$_COOKIE = [
    'PHPSESSID' => 'qhkjndk10vhbim7btu98lri6lq'
    '_csrf' => 'huhZlO7IeV-BFu3nk8Ecfl56hWSwuZ9Z'
]

$_SESSION = [
    '__flash' => []
]

$_SERVER = [
    'DOCUMENT_ROOT' => 'C:\\Users\\Asus-Home\\Documents\\projects\\personal\\job-applications\\barita\\interests\\web'
    'REMOTE_ADDR' => '::1'
    'REMOTE_PORT' => '52143'
    'SERVER_SOFTWARE' => 'PHP 8.2.5 Development Server'
    'SERVER_PROTOCOL' => 'HTTP/1.1'
    'SERVER_NAME' => 'localhost'
    'SERVER_PORT' => '8080'
    'REQUEST_URI' => '/index.php?r=site%2Fnew'
    'REQUEST_METHOD' => 'GET'
    'SCRIPT_NAME' => '/index.php'
    'SCRIPT_FILENAME' => 'C:\\Users\\Asus-Home\\Documents\\projects\\personal\\job-applications\\barita\\interests\\web\\index.php'
    'PHP_SELF' => '/index.php'
    'QUERY_STRING' => 'r=site%2Fnew'
    'HTTP_HOST' => 'localhost:8080'
    'HTTP_CONNECTION' => 'keep-alive'
    'HTTP_SEC_CH_UA' => '\"Chromium\";v=\"112\", \"Google Chrome\";v=\"112\", \"Not:A-Brand\";v=\"99\"'
    'HTTP_SEC_CH_UA_MOBILE' => '?0'
    'HTTP_SEC_CH_UA_PLATFORM' => '\"Windows\"'
    'HTTP_UPGRADE_INSECURE_REQUESTS' => '1'
    'HTTP_DNT' => '1'
    'HTTP_USER_AGENT' => 'Mozilla/5.0 (Windows NT 10.0; Win64; x64) AppleWebKit/537.36 (KHTML, like Gecko) Chrome/112.0.0.0 Safari/537.36'
    'HTTP_ACCEPT' => 'text/html,application/xhtml+xml,application/xml;q=0.9,image/avif,image/webp,image/apng,*/*;q=0.8,application/signed-exchange;v=b3;q=0.7'
    'HTTP_SEC_FETCH_SITE' => 'same-origin'
    'HTTP_SEC_FETCH_MODE' => 'navigate'
    'HTTP_SEC_FETCH_USER' => '?1'
    'HTTP_SEC_FETCH_DEST' => 'document'
    'HTTP_REFERER' => 'http://localhost:8080/index.php'
    'HTTP_ACCEPT_ENCODING' => 'gzip, deflate, br'
    'HTTP_ACCEPT_LANGUAGE' => 'es-ES,es;q=0.9,en;q=0.8'
    'HTTP_COOKIE' => 'PHPSESSID=qhkjndk10vhbim7btu98lri6lq; _csrf=huhZlO7IeV-BFu3nk8Ecfl56hWSwuZ9Z'
    'REQUEST_TIME_FLOAT' => 1681955398.8158
    'REQUEST_TIME' => 1681955398
]
2023-04-20 01:50:51 [::1][-][qhkjndk10vhbim7btu98lri6lq][error][yii\web\HttpException:404] yii\base\InvalidRouteException: Unable to resolve the request "interests/index". in C:\Users\Asus-Home\Documents\projects\personal\job-applications\barita\interests\vendor\yiisoft\yii2\base\Module.php:561
Stack trace:
#0 C:\Users\Asus-Home\Documents\projects\personal\job-applications\barita\interests\vendor\yiisoft\yii2\web\Application.php(103): yii\base\Module->runAction()
#1 C:\Users\Asus-Home\Documents\projects\personal\job-applications\barita\interests\vendor\yiisoft\yii2\base\Application.php(384): yii\web\Application->handleRequest()
#2 C:\Users\Asus-Home\Documents\projects\personal\job-applications\barita\interests\web\index.php(12): yii\base\Application->run()
#3 {main}

Next yii\web\NotFoundHttpException: Page not found. in C:\Users\Asus-Home\Documents\projects\personal\job-applications\barita\interests\vendor\yiisoft\yii2\web\Application.php:115
Stack trace:
#0 C:\Users\Asus-Home\Documents\projects\personal\job-applications\barita\interests\vendor\yiisoft\yii2\base\Application.php(384): yii\web\Application->handleRequest()
#1 C:\Users\Asus-Home\Documents\projects\personal\job-applications\barita\interests\web\index.php(12): yii\base\Application->run()
#2 {main}
2023-04-20 01:50:51 [::1][-][qhkjndk10vhbim7btu98lri6lq][info][application] $_GET = [
    'r' => 'interests/index'
]

$_POST = []

$_FILES = []

$_COOKIE = [
    'PHPSESSID' => 'qhkjndk10vhbim7btu98lri6lq'
    '_csrf' => 'huhZlO7IeV-BFu3nk8Ecfl56hWSwuZ9Z'
]

$_SESSION = [
    '__flash' => []
]

$_SERVER = [
    'DOCUMENT_ROOT' => 'C:\\Users\\Asus-Home\\Documents\\projects\\personal\\job-applications\\barita\\interests\\web'
    'REMOTE_ADDR' => '::1'
    'REMOTE_PORT' => '52209'
    'SERVER_SOFTWARE' => 'PHP 8.2.5 Development Server'
    'SERVER_PROTOCOL' => 'HTTP/1.1'
    'SERVER_NAME' => 'localhost'
    'SERVER_PORT' => '8080'
    'REQUEST_URI' => '/index.php?r=interests%2Findex'
    'REQUEST_METHOD' => 'GET'
    'SCRIPT_NAME' => '/index.php'
    'SCRIPT_FILENAME' => 'C:\\Users\\Asus-Home\\Documents\\projects\\personal\\job-applications\\barita\\interests\\web\\index.php'
    'PHP_SELF' => '/index.php'
    'QUERY_STRING' => 'r=interests%2Findex'
    'HTTP_HOST' => 'localhost:8080'
    'HTTP_CONNECTION' => 'keep-alive'
    'HTTP_CACHE_CONTROL' => 'max-age=0'
    'HTTP_DNT' => '1'
    'HTTP_UPGRADE_INSECURE_REQUESTS' => '1'
    'HTTP_USER_AGENT' => 'Mozilla/5.0 (Windows NT 10.0; Win64; x64) AppleWebKit/537.36 (KHTML, like Gecko) Chrome/112.0.0.0 Safari/537.36'
    'HTTP_ACCEPT' => 'text/html,application/xhtml+xml,application/xml;q=0.9,image/avif,image/webp,image/apng,*/*;q=0.8,application/signed-exchange;v=b3;q=0.7'
    'HTTP_SEC_FETCH_SITE' => 'same-origin'
    'HTTP_SEC_FETCH_MODE' => 'navigate'
    'HTTP_SEC_FETCH_USER' => '?1'
    'HTTP_SEC_FETCH_DEST' => 'document'
    'HTTP_SEC_CH_UA' => '\"Chromium\";v=\"112\", \"Google Chrome\";v=\"112\", \"Not:A-Brand\";v=\"99\"'
    'HTTP_SEC_CH_UA_MOBILE' => '?0'
    'HTTP_SEC_CH_UA_PLATFORM' => '\"Windows\"'
    'HTTP_REFERER' => 'http://localhost:8080/index.php?r=site%2Fnew'
    'HTTP_ACCEPT_ENCODING' => 'gzip, deflate, br'
    'HTTP_ACCEPT_LANGUAGE' => 'es-ES,es;q=0.9,en;q=0.8'
    'HTTP_COOKIE' => 'PHPSESSID=qhkjndk10vhbim7btu98lri6lq; _csrf=huhZlO7IeV-BFu3nk8Ecfl56hWSwuZ9Z'
    'REQUEST_TIME_FLOAT' => 1681955451.1664
    'REQUEST_TIME' => 1681955451
]
